INFO:root:========================================
INFO:root:
Time: 2017-10-25 14:51:28.807832
ERROR:root:
Uncaught exception
Traceback (most recent call last):
  File "C:/Users/k9700/Documents/Intern/Phantasos/trunk/TibetanEditor/Source/tibetaneditor/Editor.pyw", line 95, in openFile
    0 / 0
ZeroDivisionError: division by zero
INFO:root:========================================
INFO:root:========================================
INFO:root:
Time: 2017-10-25 14:53:35.056615
ERROR:root:
Uncaught exception
Traceback (most recent call last):
  File "C:/Users/k9700/Documents/Intern/Phantasos/trunk/TibetanEditor/Source/tibetaneditor/Editor.pyw", line 96, in openFile
    0 / 0
ZeroDivisionError: division by zero
INFO:root:========================================
INFO:root:========================================
INFO:root:
Time: 2017-10-25 14:56:11.873894
ERROR:root:
Uncaught exception
Traceback (most recent call last):
  File "C:/Users/k9700/Documents/Intern/Phantasos/trunk/TibetanEditor/Source/tibetaneditor/Editor.pyw", line 98, in openFile
    0 / 0
ZeroDivisionError: division by zero
INFO:root:========================================
INFO:root:========================================
INFO:root:
Time: 2017-10-25 14:56:32.827311
ERROR:root:
Uncaught exception
Traceback (most recent call last):
  File "C:/Users/k9700/Documents/Intern/Phantasos/trunk/TibetanEditor/Source/tibetaneditor/Editor.pyw", line 98, in openFile
    0 / 0
ZeroDivisionError: division by zero
INFO:root:========================================
INFO:root:========================================
INFO:root:
Time: 2017-10-25 14:58:13.794032
ERROR:root:
Uncaught exception
Traceback (most recent call last):
  File "C:/Users/k9700/Documents/Intern/Phantasos/trunk/TibetanEditor/Source/tibetaneditor/Editor.pyw", line 99, in openFile
    0 / 0
ZeroDivisionError: division by zero
INFO:root:========================================
INFO:root:========================================
INFO:root:
Time: 2017-10-25 14:58:36.224903
ERROR:root:
Uncaught exception
Traceback (most recent call last):
  File "C:/Users/k9700/Documents/Intern/Phantasos/trunk/TibetanEditor/Source/tibetaneditor/Editor.pyw", line 99, in openFile
    0 / 0
ZeroDivisionError: division by zero
INFO:root:========================================
INFO:root:========================================
INFO:root:
Time: 2017-10-25 14:58:44.745263
ERROR:root:
Uncaught exception
Traceback (most recent call last):
  File "C:/Users/k9700/Documents/Intern/Phantasos/trunk/TibetanEditor/Source/tibetaneditor/Editor.pyw", line 99, in openFile
    0 / 0
ZeroDivisionError: division by zero
INFO:root:========================================
INFO:root:========================================
INFO:root:
Time: 2017-10-25 14:59:00.215840
ERROR:root:
Uncaught exception
Traceback (most recent call last):
  File "C:/Users/k9700/Documents/Intern/Phantasos/trunk/TibetanEditor/Source/tibetaneditor/Editor.pyw", line 99, in openFile
    0 / 0
ZeroDivisionError: division by zero
INFO:root:========================================
INFO:root:========================================
INFO:root:
Time: 2017-10-25 15:00:02.101823
ERROR:root:
Uncaught exception
Traceback (most recent call last):
  File "C:/Users/k9700/Documents/Intern/Phantasos/trunk/TibetanEditor/Source/tibetaneditor/Editor.pyw", line 99, in openFile
    0 / 0
ZeroDivisionError: division by zero
INFO:root:========================================
INFO:root:========================================
INFO:root:
Time: 2017-10-25 15:01:01.035061
ERROR:root:
Uncaught exception
Traceback (most recent call last):
  File "C:/Users/k9700/Documents/Intern/Phantasos/trunk/TibetanEditor/Source/tibetaneditor/Editor.pyw", line 99, in openFile
    0 / 0
ZeroDivisionError: division by zero
INFO:root:========================================
INFO:root:========================================
INFO:root:
Time: 2017-10-25 15:03:58.158784
ERROR:root:
Uncaught exception
Traceback (most recent call last):
  File "C:/Users/k9700/Documents/Intern/Phantasos/trunk/TibetanEditor/Source/tibetaneditor/Editor.pyw", line 104, in openFile
    0 / 0
ZeroDivisionError: division by zero
INFO:root:========================================
INFO:root:========================================
INFO:root:Time: 2017-10-25 15:04:37.286549
ERROR:root:Uncaught exception
Traceback (most recent call last):
  File "C:/Users/k9700/Documents/Intern/Phantasos/trunk/TibetanEditor/Source/tibetaneditor/Editor.pyw", line 104, in openFile
    0 / 0
ZeroDivisionError: division by zero
INFO:root:========================================
INFO:root:========================================
INFO:root:Time: 2017-10-25 15:21:01.876206
ERROR:root:Uncaught exception
Traceback (most recent call last):
  File "C:\Users\k9700\Documents\Intern\Phantasos\trunk\TibetanEditor\Source\tibetaneditor\EventHandler.py", line 48, in textChanged
    wordManager.removeWords(self.preStart, self.preEnd)
  File "C:\Users\k9700\Documents\Intern\Phantasos\trunk\TibetanEditor\Source\tibetaneditor\Word.py", line 104, in removeWords
    if start in range(self._words[i].start, self._words[i].end):
IndexError: list index out of range
INFO:root:========================================
INFO:root:========================================
INFO:root:Time: 2017-10-25 15:22:07.067860
ERROR:root:Uncaught exception
Traceback (most recent call last):
  File "C:\Users\k9700\Documents\Intern\Phantasos\trunk\TibetanEditor\Source\tibetaneditor\EventHandler.py", line 48, in textChanged
    wordManager.removeWords(self.preStart, self.preEnd)
  File "C:\Users\k9700\Documents\Intern\Phantasos\trunk\TibetanEditor\Source\tibetaneditor\Word.py", line 104, in removeWords
    if start in range(self._words[i].start, self._words[i].end):
IndexError: list index out of range
INFO:root:========================================
INFO:root:========================================
INFO:root:Time: 2017-10-25 15:26:11.027979
ERROR:root:Uncaught exception
Traceback (most recent call last):
  File "C:/Users/k9700/Documents/Intern/Phantasos/trunk/TibetanEditor/Source/tibetaneditor/Editor.pyw", line 206, in changing
    self.selectedWord.partOfSpeech = tagName
AttributeError: 'NoneType' object has no attribute 'partOfSpeech'
INFO:root:========================================
INFO:root:========================================
INFO:root:Time: 2017-10-25 15:26:32.890290
ERROR:root:Uncaught exception
Traceback (most recent call last):
  File "C:/Users/k9700/Documents/Intern/Phantasos/trunk/TibetanEditor/Source/tibetaneditor/Editor.pyw", line 206, in changing
    self.selectedWord.partOfSpeech = tagName
AttributeError: 'NoneType' object has no attribute 'partOfSpeech'
INFO:root:========================================
INFO:root:========================================
INFO:root:Time: 2017-10-25 15:26:54.057699
ERROR:root:Uncaught exception
Traceback (most recent call last):
  File "C:/Users/k9700/Documents/Intern/Phantasos/trunk/TibetanEditor/Source/tibetaneditor/Editor.pyw", line 206, in changing
    self.selectedWord.partOfSpeech = tagName
AttributeError: 'NoneType' object has no attribute 'partOfSpeech'
INFO:root:========================================
INFO:root:========================================
INFO:root:Time: 2017-10-25 15:27:12.622255
ERROR:root:Uncaught exception
Traceback (most recent call last):
  File "C:/Users/k9700/Documents/Intern/Phantasos/trunk/TibetanEditor/Source/tibetaneditor/Editor.pyw", line 206, in changing
    self.selectedWord.partOfSpeech = tagName
AttributeError: 'NoneType' object has no attribute 'partOfSpeech'
INFO:root:========================================
INFO:root:========================================
INFO:root:Time: 2017-10-25 15:31:06.932871
ERROR:root:Uncaught exception
Traceback (most recent call last):
  File "C:/Users/k9700/Documents/Intern/Phantasos/trunk/TibetanEditor/Source/tibetaneditor/Editor.pyw", line 206, in changing
    self.selectedWord.partOfSpeech = tagName
AttributeError: 'NoneType' object has no attribute 'partOfSpeech'
INFO:root:========================================
INFO:root:========================================
INFO:root:Time: 2017-10-25 15:32:06.925033
ERROR:root:Uncaught exception
Traceback (most recent call last):
  File "C:/Users/k9700/Documents/Intern/Phantasos/trunk/TibetanEditor/Source/tibetaneditor/Editor.pyw", line 206, in changing
    self.selectedWord.partOfSpeech = tagName
AttributeError: 'NoneType' object has no attribute 'partOfSpeech'
INFO:root:========================================
INFO:root:========================================
INFO:root:Time: 2017-10-25 15:33:11.726600
ERROR:root:Uncaught exception
Traceback (most recent call last):
  File "C:/Users/k9700/Documents/Intern/Phantasos/trunk/TibetanEditor/Source/tibetaneditor/Editor.pyw", line 206, in changing
    self.selectedWord.partOfSpeech = tagName
AttributeError: 'NoneType' object has no attribute 'partOfSpeech'
INFO:root:========================================
INFO:root:========================================
INFO:root:Time: 2017-10-25 15:41:07.224183
ERROR:root:Uncaught exception
Traceback (most recent call last):
  File "C:\Users\k9700\Documents\Intern\Phantasos\trunk\TibetanEditor\Source\tibetaneditor\TabWidget.py", line 164, in changeName
    self.parent.highlight()
AttributeError: 'TibetanEditor' object has no attribute 'highlight'
INFO:root:========================================
INFO:root:========================================
INFO:root:Time: 2017-10-25 15:53:04.159849
ERROR:root:Uncaught exception
Traceback (most recent call last):
  File "C:/Users/k9700/Documents/Intern/Phantasos/trunk/TibetanEditor/Source/tibetaneditor/Editor.pyw", line 237, in <module>
    window = TibetanEditor()
  File "C:/Users/k9700/Documents/Intern/Phantasos/trunk/TibetanEditor/Source/tibetaneditor/Editor.pyw", line 77, in __init__
    self.profileManager.openProfile(filePath='temp.profile')
  File "C:\Users\k9700\Documents\Intern\Phantasos\trunk\TibetanEditor\Source\tibetaneditor\Profile.py", line 103, in openProfile
    textFormat.listButton.setText(
AttributeError: 'NoneType' object has no attribute 'setText'
INFO:root:========================================
INFO:root:========================================
INFO:root:Time: 2017-10-25 15:53:10.063805
ERROR:root:Uncaught exception
Traceback (most recent call last):
  File "C:/Users/k9700/Documents/Intern/Phantasos/trunk/TibetanEditor/Source/tibetaneditor/Editor.pyw", line 237, in <module>
    window = TibetanEditor()
  File "C:/Users/k9700/Documents/Intern/Phantasos/trunk/TibetanEditor/Source/tibetaneditor/Editor.pyw", line 77, in __init__
    self.profileManager.openProfile(filePath='temp.profile')
  File "C:\Users\k9700\Documents\Intern\Phantasos\trunk\TibetanEditor\Source\tibetaneditor\Profile.py", line 103, in openProfile
    textFormat.listButton.setText(
AttributeError: 'NoneType' object has no attribute 'setText'
INFO:root:========================================
INFO:root:========================================
INFO:root:Time: 2017-10-25 15:58:04.946873
ERROR:root:Uncaught exception
Traceback (most recent call last):
  File "C:/Users/k9700/Documents/Intern/Phantasos/trunk/TibetanEditor/Source/tibetaneditor/Editor.pyw", line 82, in closeEvent
    self.profileManager.saveProfile(filePath='temp.profile')
  File "C:\Users\k9700\Documents\Intern\Phantasos\trunk\TibetanEditor\Source\tibetaneditor\Profile.py", line 63, in saveProfile
    zf.write(filename)
  File "C:\Users\k9700\Anaconda3\envs\qt\lib\zipfile.py", line 1433, in write
    st = os.stat(filename)
FileNotFoundError: [WinError 2] 系統找不到指定的檔案。: '(New Format)_list.txt'
INFO:root:========================================
INFO:root:========================================
INFO:root:Time: 2017-10-25 16:01:09.709834
ERROR:root:Uncaught exception
Traceback (most recent call last):
  File "C:\Users\k9700\Documents\Intern\Phantasos\trunk\TibetanEditor\Source\tibetaneditor\TabWidget.py", line 176, in openFile
    ok = textFormat.setupRegexList(filePath)
  File "C:\Users\k9700\Documents\Intern\Phantasos\trunk\TibetanEditor\Source\tibetaneditor\TextFormat.py", line 56, in setupRegexList
    lines = f.readlines()
  File "C:\Users\k9700\Anaconda3\envs\qt\lib\codecs.py", line 321, in decode
    (result, consumed) = self._buffer_decode(data, self.errors, final)
UnicodeDecodeError: 'utf-8' codec can't decode byte 0xa8 in position 3644: invalid start byte
INFO:root:========================================
INFO:root:========================================
INFO:root:Time: 2017-10-26 11:27:04.132539
ERROR:root:Uncaught exception
Traceback (most recent call last):
  File "C:/Users/k9700/Documents/Intern/Phantasos/trunk/TibetanEditor/Source/tibetaneditor/Editor.pyw", line 205, in changing
    self.selectedWord.partOfSpeech = tagName
AttributeError: 'NoneType' object has no attribute 'partOfSpeech'
INFO:root:========================================
INFO:root:========================================
INFO:root:Time: 2017-10-26 11:44:38.483033
ERROR:root:Uncaught exception
Traceback (most recent call last):
  File "C:/Users/k9700/Documents/Intern/Phantasos/trunk/TibetanEditor/Source/tibetaneditor/Editor.pyw", line 243, in <module>
    window = TibetanEditor()
  File "C:/Users/k9700/Documents/Intern/Phantasos/trunk/TibetanEditor/Source/tibetaneditor/Editor.pyw", line 76, in __init__
    self.profileManager.openProfile(filePath='temp.profile')
  File "C:\Users\k9700\Documents\Intern\Phantasos\trunk\TibetanEditor\Source\tibetaneditor\Profile.py", line 136, in openProfile
    listName) > 10 else listName)
TypeError: object of type 'NoneType' has no len()
INFO:root:========================================
INFO:root:========================================
INFO:root:Time: 2017-10-26 11:51:08.756825
ERROR:root:Uncaught exception
Traceback (most recent call last):
  File "C:/Users/k9700/Documents/Intern/Phantasos/trunk/TibetanEditor/Source/tibetaneditor/Editor.pyw", line 245, in <module>
    window = TibetanEditor()
  File "C:/Users/k9700/Documents/Intern/Phantasos/trunk/TibetanEditor/Source/tibetaneditor/Editor.pyw", line 75, in __init__
    self.eventHandler.checkIcon()
  File "C:\Users\k9700\Documents\Intern\Phantasos\trunk\TibetanEditor\Source\tibetaneditor\EventHandler.py", line 74, in checkIcon
    if self.parent.textEdit.isRedoAvailable():
AttributeError: 'QTextEdit' object has no attribute 'isRedoAvailable'
INFO:root:========================================
INFO:root:========================================
INFO:root:Time: 2017-10-26 11:51:51.772465
ERROR:root:Uncaught exception
Traceback (most recent call last):
  File "C:\Program Files\JetBrains\PyCharm 2017.1.5\helpers\pydev\pydevd.py", line 1591, in <module>
    globals = debugger.run(setup['file'], None, None, is_module)
  File "C:\Program Files\JetBrains\PyCharm 2017.1.5\helpers\pydev\pydevd.py", line 1018, in run
    pydev_imports.execfile(file, globals, locals)  # execute the script
  File "C:\Program Files\JetBrains\PyCharm 2017.1.5\helpers\pydev\_pydev_imps\_pydev_execfile.py", line 18, in execfile
    exec(compile(contents+"\n", file, 'exec'), glob, loc)
  File "C:/Users/k9700/Documents/Intern/Phantasos/trunk/TibetanEditor/Source/tibetaneditor/Editor.pyw", line 245, in <module>
    window = TibetanEditor()
  File "C:/Users/k9700/Documents/Intern/Phantasos/trunk/TibetanEditor/Source/tibetaneditor/Editor.pyw", line 75, in __init__
    self.eventHandler.checkIcon()
  File "C:/Users/k9700/Documents/Intern/Phantasos/trunk/TibetanEditor/Source/tibetaneditor\EventHandler.py", line 74, in checkIcon
    if self.parent.textEdit.isRedoAvailable():
AttributeError: 'QTextEdit' object has no attribute 'isRedoAvailable'
INFO:root:========================================
INFO:root:========================================
INFO:root:Time: 2017-10-26 11:51:56.991253
ERROR:root:Uncaught exception
Traceback (most recent call last):
  File "C:/Users/k9700/Documents/Intern/Phantasos/trunk/TibetanEditor/Source/tibetaneditor/Editor.pyw", line 245, in <module>
    window = TibetanEditor()
  File "C:/Users/k9700/Documents/Intern/Phantasos/trunk/TibetanEditor/Source/tibetaneditor/Editor.pyw", line 75, in __init__
    self.eventHandler.checkIcon()
  File "C:\Users\k9700\Documents\Intern\Phantasos\trunk\TibetanEditor\Source\tibetaneditor\EventHandler.py", line 74, in checkIcon
    if self.parent.textEdit.isRedoAvailable():
AttributeError: 'QTextEdit' object has no attribute 'isRedoAvailable'
INFO:root:========================================
INFO:root:========================================
INFO:root:Time: 2017-10-26 12:10:25.518700
ERROR:root:Uncaught exception
Traceback (most recent call last):
  File "C:/Users/k9700/Documents/Intern/Phantasos/trunk/TibetanEditor/Source/tibetaneditor/Editor.pyw", line 253, in <module>
    window = TibetanEditor()
  File "C:/Users/k9700/Documents/Intern/Phantasos/trunk/TibetanEditor/Source/tibetaneditor/Editor.pyw", line 73, in __init__
    super().__init__(parent)
  File "C:\Users\k9700\Documents\Intern\Phantasos\trunk\TibetanEditor\Source\tibetaneditor\BasicEditor.py", line 14, in __init__
    self.setupTextEdit()
  File "C:/Users/k9700/Documents/Intern/Phantasos/trunk/TibetanEditor/Source/tibetaneditor/Editor.pyw", line 148, in setupTextEdit
    QtCore.QObject.connect(
AttributeError: type object 'QObject' has no attribute 'connect'
INFO:root:========================================
INFO:root:========================================
INFO:root:Time: 2017-10-26 12:12:04.053943
ERROR:root:Uncaught exception
Traceback (most recent call last):
  File "C:/Users/k9700/Documents/Intern/Phantasos/trunk/TibetanEditor/Source/tibetaneditor/Editor.pyw", line 250, in <module>
    window = TibetanEditor()
  File "C:/Users/k9700/Documents/Intern/Phantasos/trunk/TibetanEditor/Source/tibetaneditor/Editor.pyw", line 75, in __init__
    self.eventHandler.checkIcon()
AttributeError: 'EventHandler' object has no attribute 'checkIcon'
INFO:root:========================================
INFO:root:========================================
INFO:root:Time: 2017-10-26 12:12:45.160641
ERROR:root:Uncaught exception
Traceback (most recent call last):
  File "C:/Users/k9700/Documents/Intern/Phantasos/trunk/TibetanEditor/Source/tibetaneditor/Editor.pyw", line 146, in <lambda>
    self.textEdit.redoAvailable.connect(lambda : self.checkUndo)
AttributeError: 'TibetanEditor' object has no attribute 'checkUndo'
INFO:root:========================================
INFO:root:========================================
INFO:root:Time: 2017-10-26 12:14:55.035935
ERROR:root:Uncaught exception
Traceback (most recent call last):
  File "C:/Users/k9700/Documents/Intern/Phantasos/trunk/TibetanEditor/Source/tibetaneditor/Editor.pyw", line 246, in <module>
    window = TibetanEditor()
  File "C:/Users/k9700/Documents/Intern/Phantasos/trunk/TibetanEditor/Source/tibetaneditor/Editor.pyw", line 73, in __init__
    super().__init__(parent)
  File "C:\Users\k9700\Documents\Intern\Phantasos\trunk\TibetanEditor\Source\tibetaneditor\BasicEditor.py", line 13, in __init__
    self.createActions()
  File "C:/Users/k9700/Documents/Intern/Phantasos/trunk/TibetanEditor/Source/tibetaneditor/Editor.pyw", line 169, in createActions
    triggered=lambda: self.modeManager.switchDisplayMode('Spaces'))
TypeError: 'enable' is an unknown keyword argument
INFO:root:========================================
INFO:root:========================================
INFO:root:Time: 2017-10-26 12:26:09.634654
ERROR:root:Uncaught exception
Traceback (most recent call last):
  File "C:/Users/k9700/Documents/Intern/Phantasos/trunk/TibetanEditor/Source/tibetaneditor/Editor.pyw", line 110, in openFile
    super().openFile()
  File "C:\Users\k9700\Documents\Intern\Phantasos\trunk\TibetanEditor\Source\tibetaneditor\BasicEditor.py", line 133, in openFile
    windowTitle[start + 1: end] = self.filename.split('/')[-1]
TypeError: 'str' object does not support item assignment
INFO:root:========================================
INFO:root:========================================
INFO:root:Time: 2017-10-26 12:30:43.058900
ERROR:root:Uncaught exception
Traceback (most recent call last):
  File "C:\Users\k9700\Documents\Intern\Phantasos\trunk\TibetanEditor\Source\tibetaneditor\EventHandler.py", line 65, in textChanged
    self.checkTitle()
  File "C:\Users\k9700\Documents\Intern\Phantasos\trunk\TibetanEditor\Source\tibetaneditor\EventHandler.py", line 69, in checkTitle
    if not self.parent.windowTitle.endswith('*'):
AttributeError: 'builtin_function_or_method' object has no attribute 'endswith'
INFO:root:========================================
INFO:root:========================================
INFO:root:Time: 2017-10-26 12:30:52.372391
ERROR:root:Uncaught exception
Traceback (most recent call last):
  File "C:\Users\k9700\Documents\Intern\Phantasos\trunk\TibetanEditor\Source\tibetaneditor\EventHandler.py", line 65, in textChanged
    self.checkTitle()
  File "C:\Users\k9700\Documents\Intern\Phantasos\trunk\TibetanEditor\Source\tibetaneditor\EventHandler.py", line 69, in checkTitle
    if not self.parent.windowTitle.endwith('*'):
AttributeError: 'builtin_function_or_method' object has no attribute 'endwith'
INFO:root:========================================
INFO:root:========================================
INFO:root:Time: 2017-10-26 12:30:52.428395
ERROR:root:Uncaught exception
Traceback (most recent call last):
  File "C:\Users\k9700\Documents\Intern\Phantasos\trunk\TibetanEditor\Source\tibetaneditor\EventHandler.py", line 65, in textChanged
    self.checkTitle()
  File "C:\Users\k9700\Documents\Intern\Phantasos\trunk\TibetanEditor\Source\tibetaneditor\EventHandler.py", line 69, in checkTitle
    if not self.parent.windowTitle.endwith('*'):
AttributeError: 'builtin_function_or_method' object has no attribute 'endwith'
INFO:root:========================================
INFO:root:========================================
INFO:root:Time: 2017-10-26 12:31:22.069147
ERROR:root:Uncaught exception
Traceback (most recent call last):
  File "C:\Users\k9700\Documents\Intern\Phantasos\trunk\TibetanEditor\Source\tibetaneditor\EventHandler.py", line 65, in textChanged
    self.checkTitle()
  File "C:\Users\k9700\Documents\Intern\Phantasos\trunk\TibetanEditor\Source\tibetaneditor\EventHandler.py", line 69, in checkTitle
    if not self.parent.windowTitle().endwith('*'):
AttributeError: 'str' object has no attribute 'endwith'
INFO:root:========================================
INFO:root:========================================
INFO:root:Time: 2017-10-26 12:31:48.116783
ERROR:root:Uncaught exception
Traceback (most recent call last):
  File "C:/Users/k9700/Documents/Intern/Phantasos/trunk/TibetanEditor/Source/tibetaneditor/Editor.pyw", line 112, in openFile
    self.eventHandler.checkTitle()
  File "C:\Users\k9700\Documents\Intern\Phantasos\trunk\TibetanEditor\Source\tibetaneditor\EventHandler.py", line 72, in checkTitle
    if self.parent.windowTitle.endswith('*'):
AttributeError: 'builtin_function_or_method' object has no attribute 'endswith'
INFO:root:========================================
INFO:root:========================================
INFO:root:Time: 2017-10-26 12:34:33.378208
ERROR:root:Uncaught exception
Traceback (most recent call last):
  File "C:\Users\k9700\Documents\Intern\Phantasos\trunk\TibetanEditor\Source\tibetaneditor\EventHandler.py", line 48, in textChanged
    wordManager.removeWords(self.preStart, self.preEnd)
  File "C:\Users\k9700\Documents\Intern\Phantasos\trunk\TibetanEditor\Source\tibetaneditor\Word.py", line 101, in removeWords
    if start in range(self._words[i].start, self._words[i].end):
IndexError: list index out of range
INFO:root:========================================
